<?xml version="1.0" encoding="UTF-8"?>
<!-- Generated by org.testng.reporters.JUnitReportReporter -->
<testsuite hostname="PREDATOR" failures="0" tests="1" name="com.OrangeHRM.TestNG_Cucumber_Runner.AccessGenerator" time="11.605" errors="0" timestamp="2025-04-06T11:34:36 IST" skipped="0">
  <testcase classname="com.OrangeHRM.TestNG_Cucumber_Runner.AccessGenerator" name="GenerateIdPassword" time="11.605"/>
  <system-out/>
</testsuite> <!-- com.OrangeHRM.TestNG_Cucumber_Runner.AccessGenerator -->
