<?xml version="1.0" encoding="UTF-8"?>
<!-- Generated by org.testng.reporters.JUnitReportReporter -->
<testsuite hostname="PREDATOR" failures="0" tests="1" name="com.OrangeHRM.TestNG_Cucumber_Runner.TestNG" time="15.885" errors="0" timestamp="2024-11-12T19:02:27 IST" skipped="0">
  <testcase classname="com.OrangeHRM.TestNG_Cucumber_Runner.TestNG" name="DateInputTest" time="15.885"/>
  <system-out/>
</testsuite> <!-- com.OrangeHRM.TestNG_Cucumber_Runner.TestNG -->
